{"/Users/anudeepdebbata/Desktop/Namstare- React/src/components/Contact.js": {"path":"/Users/anudeepdebbata/Desktop/Namstare- React/src/components/Contact.js","statementMap":{"0":{"start":{"line":3,"column":16},"end":{"line":63,"column":1}},"1":{"start":{"line":4,"column":2},"end":{"line":62,"column":4}}},"fnMap":{"0":{"name":"(anonymous_0)","decl":{"start":{"line":3,"column":16},"end":{"line":3,"column":17}},"loc":{"start":{"line":3,"column":22},"end":{"line":63,"column":1}},"line":3}},"branchMap":{},"s":{"0":1,"1":1},"f":{"0":1},"b":{},"_coverageSchema":"1a1c01bbd47fc00a2c39e90264f33305004495a9","hash":"f33fed1444fc56a37dc1e0620c711780f4f11a19"}
,"/Users/anudeepdebbata/Desktop/Namstare- React/src/components/Sum.js": {"path":"/Users/anudeepdebbata/Desktop/Namstare- React/src/components/Sum.js","statementMap":{"0":{"start":{"line":1,"column":19},"end":{"line":3,"column":1}},"1":{"start":{"line":2,"column":2},"end":{"line":2,"column":15}}},"fnMap":{"0":{"name":"(anonymous_0)","decl":{"start":{"line":1,"column":19},"end":{"line":1,"column":20}},"loc":{"start":{"line":1,"column":29},"end":{"line":3,"column":1}},"line":1}},"branchMap":{},"s":{"0":1,"1":1},"f":{"0":1},"b":{},"_coverageSchema":"1a1c01bbd47fc00a2c39e90264f33305004495a9","hash":"37d4137e69842f88b749025e8c44e5ddb88e5597"}
}
